--------- beginning of main
06-02 08:10:41.242 D/PortcastImporter(  482): Parsing PortCast 0.2.0
06-02 08:10:41.506 D/PortcastImporter(  482): Document has 'episodes' array: yes, length=695
06-02 08:10:41.506 D/PortcastImporter(  482):   ep[0] DROPPED: guid='' enclosureUrl='' has platformRefs=1 (parseEpisode requires guid OR enclosureUrl; platformRefs-only episodes aren't supported yet)
06-02 08:10:41.506 D/PortcastImporter(  482):   ep[1] DROPPED: guid='' enclosureUrl='' has platformRefs=1 (parseEpisode requires guid OR enclosureUrl; platformRefs-only episodes aren't supported yet)
06-02 08:10:41.506 D/PortcastImporter(  482):   ep[2] DROPPED: guid='' enclosureUrl='' has platformRefs=1 (parseEpisode requires guid OR enclosureUrl; platformRefs-only episodes aren't supported yet)
06-02 08:10:41.506 D/PortcastImporter(  482):   ep[3] DROPPED: guid='' enclosureUrl='' has platformRefs=1 (parseEpisode requires guid OR enclosureUrl; platf06-02 08:10:41.506 D/PortcastImporter(  482): Document has 'episodes' array: yes, length=695
06-02 08:10:41.506 D/PortcastImporter(  482):   ep[0] DROPPED: guid='' enclosureUrl='' has platformRefs=1 (parseEpisode requires guid OR enclosureUrl; platformRefs-only episodes aren't supported yet)
06-02 08:10:41.506 D/PortcastImporter(  482):   ep[1] DROPPED: guid='' enclosureUrl='' has platformRefs=1 (parseEpisode requires guid OR enclosureUrl; platformRefs-only episodes aren't supported yet)
06-02 08:10:41.506 D/PortcastImporter(  482):   ep[2] DROPPED: guid='' enclosureUrl='' has platformRefs=1 (parseEpisode requires guid OR enclosureUrl; platformRefs-only episodes aren't supported yet)
06-02 08:10:41.506 D/PortcastImporter(  482):   ep[3] DROPPED: guid='' enclosureUrl='' has platformRefs=1 (parseEpisode requires guid OR enclosureUrl; platformRefs-only episodes aren't supported yet)
06-02 08:10:41.506 D/PortcastImporter(  482):   ep[4] DROPPED: guid='' enclosureUrl='' has platformRefs=1 (parseEpisode requires guid OR enclosureUrl; platformRefs-only episodes aren't supported yet)
06-02 08:10:41.506 D/PortcastImporter(  482):   ep[5] DROPPED: guid='' enclosureUrl='' has platformRefs=1 (parseEpisode requires guid OR enclosureUrl; platformRefs-only episodes aren't supported yet)
06-02 08:10:41.506 D/PortcastImporter(  482):   ep[6] DROPPED: guid='' enclosureUrl='' has platformRefs=1 (parseEpisode requires guid OR enclosureUrl; platformRefs-only episodes aren't supported yet)
06-02 08:10:41.506 D/PortcastImporter(  482):   ep[7] DROPPED: guid='' enclosureUrl='' has platformRefs=1 (parseEpisode requires guid OR enclosureUrl; platformRefs-only episodes aren't supported yet)
06-02 08:10:41.506 D/PortcastImporter(  482):   ep[8] DROPPED: guid='' enclosureUrl='' has platformRefs=1 (parseEpisode requires guid OR enclosureUrl; platformRefs-only episodes aren't supported yet)
06-02 08:10:41.506 D/PortcastImporter(  482):   ep[9] DROPPED: guid='' enclosureUrl='' has platformRefs=1 (parseEpisode requires guid OR enclosureUrl; platformRefs-only episodes aren't supported yet)
06-02 08:10:41.506 D/PortcastImporter(  482):   ep[10] DROPPED: guid='' enclosureUrl='' has platformRefs=1 (parseEpisode requires guid OR enclosureUrl; platformRefs-only episodes aren't supported yet)
06-02 08:10:41.506 D/PortcastImporter(  482):   ep[11] DROPPED: guid='' enclosureUrl='' has platformRefs=1 (parseEpisode requires guid OR enclosureUrl; platformRefs-only episodes aren't supported yet)
06-02 08:10:41.506 D/PortcastImporter(  482):   ep[12] DROPPED: guid='' enclosureUrl='' has platformRefs=1 (parseEpisode requires guid OR enclosureUrl; platformRefs-only episodes aren't supported yet)
06-02 08:10:41.506 D/PortcastImporter(  482):   ep[13] DROPPED: guid='' enclosureUrl='' has platformRefs=1 (parseEpisode requires guid OR enclosureUrl; platformRefs-only episodes aren't supported yet)
06-02 08:10:41.506 D/PortcastImporter(  482):   ep[14] DROPPED: guid='' enclosureUrl='' has platformRefs=1 (parseEpisode requires guid OR enclosureUrl; platformRefs-only episodes aren't supported yet)
06-02 08:10:41.506 D/PortcastImporter(  482):   ep[15] DROPPED: guid='' enclosureUrl='' has platformRefs=1 (parseEpisode requires guid OR enclosureUrl; platformRefs-only episodes aren't supported yet)
06-02 08:10:41.506 D/PortcastImporter(  482):   ep[16] DROPPED: guid='' enclosureUrl='' has platformRefs=1 (parseEpisode requires guid OR enclosureUrl; platformRefs-only episodes aren't supported yet)
06-02 08:10:41.506 D/PortcastImporter(  482):   ep[17] DROPPED: guid='' enclosureUrl='' has platformRefs=1 (parseEpisode requires guid OR enclosureUrl; platformRefs-only episodes aren't supported yet)
06-02 08:10:41.506 D/PortcastImporter(  482):   ep[18] DROPPED: guid='' enclosureUrl='' has platformRefs=1 (parseEpisode requires guid OR enclosureUrl; platformRefs-only episodes aren't supported yet)
06-02 08:10:41.506 D/PortcastImporter(  482):   ep[19] DROPPED: guid='' enclosureUrl='' has platformRefs=1 (parseEpisode requires guid OR enclosureUrl; platformRefs-only episodes aren't supported yet)
06-02 08:10:41.506 D/PortcastImporter(  482):   ep[20] DROPPED: guid='' enclosureUrl='' has platformRefs=1 (parseEpisode requires guid OR enclosureUrl; platformRefs-only episodes aren't supported yet)
06-02 08:10:41.506 D/PortcastImporter(  482):   ep[21] DROPPED: guid='' enclosureUrl='' has platformRefs=1 (parseEpisode requires guid OR enclosureUrl; platformRefs-only episodes aren't supported yet)
06-02 08:10:41.506 D/PortcastImporter(  482):   ep[22] DROPPED: guid='' enclosureUrl='' has platformRefs=1 (parseEpisode requires guid OR enclosureUrl; platformRefs-only episodes aren't supported yet)
06-02 08:10:41.506 D/PortcastImporter(  482):   ep[23] DROPPED: guid='' enclosureUrl='' has platformRefs=1 (parseEpisode requires guid OR enclosureUrl; platformRefs-only episodes aren't supported yet)
06-02 08:10:41.506 D/PortcastImporter(  482):   ep[24] DROPPED: guid='' enclosureUrl='' has platformRefs=1 (parseEpisode requires guid OR enclosureUrl; platformRefs-only episodes aren't supported yet)
06-02 08:10:41.506 D/PortcastImporter(  482):   ep[25] DROPPED: guid='' enclosureUrl='' has platformRefs=1 (parseEpisode requires guid OR enclosureUrl; platformRefs-only episodes aren't supported yet)
06-02 08:10:41.506 D/PortcastImporter(  482):   ep[26] DROPPED: guid='' enclosureUrl='' has platformRefs=1 (parseEpisode requires guid OR enclosureUrl; platformRefs-only episodes aren't supported yet)
06-02 08:10:41.506 D/PortcastImporter(  482):   ep[27] DROPPED: guid='' enclosureUrl='' has platformRefs=1 (parseEpisode requires guid OR enclosureUrl; platformRefs-only episodes aren't supported yet)
06-02 08:10:41.506 D/PortcastImporter(  482):   ep[28] DROPPED: guid='' enclosureUrl='' has platformRefs=1 (parseEpisode requires guid OR enclosureUrl; platformRefs-only episodes aren't supported yet)
06-02 08:10:41.506 D/PortcastImporter(  482):   ep[29] DROPPED: guid='' enclosureUrl='' has platformRefs=1 (parseEpisode requires guid OR enclosureUrl; platformRefs-only episodes aren't supported yet)
06-02 08:10:41.506 D/PortcastImporter(  482):   ep[30] DROPPED: guid='' enclosureUrl='' has platformRefs=1 (parseEpisode requires guid OR enclosureUrl; platformRefs-only episodes aren't supported yet)
06-02 08:10:41.506 D/PortcastImporter(  482):   ep[31] DROPPED: guid='' enclosureUrl='' has platformRefs=1 (parseEpisode requires guid OR enclosureUrl; platformRefs-only episodes aren't supported yet)
06-02 08:10:41.506 D/PortcastImporter(  482):   ep[32] DROPPED: guid='' enclosureUrl='' has platformRefs=1 (parseEpisode requires guid OR enclosureUrl; platformRefs-only episodes aren't supported yet)
06-02 08:10:41.506 D/PortcastImporter(  482):   ep[33] DROPPED: guid='' enclosureUrl='' has platformRefs=1 (parseEpisode requires guid OR enclosureUrl; platformRefs-only episodes aren't supported yet)
06-02 08:10:41.506 D/PortcastImporter(  482):   ep[34] DROPPED: guid='' enclosureUrl='' has platformRefs=1 (parseEpisode requires guid OR enclosureUrl; platformRefs-only episodes aren't supported yet)
06-02 08:10:41.506 D/PortcastImporter(  482):   ep[35] DROPPED: guid='' enclosureUrl='' has platformRefs=1 (parseEpisode requires guid OR enclosureUrl; platformRefs-only episodes aren't supported yet)
06-02 08:10:41.506 D/PortcastImporter(  482):   ep[36] DROPPED: guid='' enclosureUrl='' has platformRefs=1 (parseEpisode requires guid OR enclosureUrl; platformRefs-only episodes aren't supported yet)
06-02 08:10:41.506 D/PortcastImporter(  482):   ep[37] DROPPED: guid='' enclosureUrl='' has platformRefs=1 (parseEpisode requires guid OR enclosureUrl; platformRefs-only episodes aren't supported yet)
06-02 08:10:41.506 D/PortcastImporter(  482):   ep[38] DROPPED: guid='' enclosureUrl='' has platformRefs=1 (parseEpisode requires guid OR enclosureUrl; platformRefs-only episodes aren't supported yet)
06-02 08:10:41.506 D/PortcastImporter(  482):   ep[39] DROPPED: guid='' enclosureUrl='' has platformRefs=1 (parseEpisode requires guid OR enclosureUrl; platformRefs-only episodes aren't supported yet)
06-02 08:10:41.506 D/PortcastImporter(  482):   ep[40] DROPPED: guid='' enclosureUrl='' has platformRefs=1 (parseEpisode requires guid OR enclosureUrl; platformRefs-only episodes aren't supported yet)
06-02 08:10:41.506 D/PortcastImporter(  482):   ep[41] DROPPED: guid='' enclosureUrl='' has platformRefs=1 (parseEpisode requires guid OR enclosureUrl; platformRefs-only episodes aren't supported yet)
06-02 08:10:41.506 D/PortcastImporter(  482):   ep[42] DROPPED: guid='' enclosureUrl='' has platformRefs=1 (parseEpisode requires guid OR enclosureUrl; platformRefs-only episodes aren't supported yet)
06-02 08:10:41.506 D/PortcastImporter(  482):   ep[43] DROPPED: guid='' enclosureUrl='' has platformRefs=1 (parseEpisode requires guid OR enclosureUrl; platformRefs-only episodes aren't supported yet)
06-02 08:10:41.506 D/PortcastImporter(  482):   ep[44] DROPPED: guid='' enclosureUrl='' has platformRefs=1 (parseEpisode requires guid OR enclosureUrl; platformRefs-only episodes aren't supported yet)
06-02 08:10:41.507 D/PortcastImporter(  482):   ep[45] DROPPED: guid='' enclosureUrl='' has platformRefs=1 (parseEpisode requires guid OR enclosureUrl; platformRefs-only episodes aren't supported yet)
06-02 08:10:41.507 D/PortcastImporter(  482):   ep[46] DROPPED: guid='' enclosureUrl='' has platformRefs=1 (parseEpisode requires guid OR enclosureUrl; platformRefs-only episodes aren't supported yet)
06-02 08:10:41.507 D/PortcastImporter(  482):   ep[47] DROPPED: guid='' enclosureUrl='' has platformRefs=1 (parseEpisode requires guid OR enclosureUrl; platformRefs-only episodes aren't supported yet)
06-02 08:10:41.507 D/PortcastImporter(  482):   ep[48] DROPPED: guid='' enclosureUrl='' has platformRefs=1 (parseEpisode requires guid OR enclosureUrl; platformRefs-only episodes aren't supported yet)
06-02 08:10:41.507 D/PortcastImporter(  482):   ep[49] DROPPED: guid='' enclosureUrl='' has platformRefs=1 (parseEpisode requires guid OR enclosureUrl; platformRefs-only episodes aren't supported yet)
06-02 08:10:41.507 D/PortcastImporter(  482):   ep[50] DROPPED: guid='' enclosureUrl='' has platformRefs=1 (parseEpisode requires guid OR enclosureUrl; platformRefs-only episodes aren't supported yet)
06-02 08:10:41.507 D/PortcastImporter(  482):   ep[51] DROPPED: guid='' enclosureUrl='' has platformRefs=1 (parseEpisode requires guid OR enclosureUrl; platformRefs-only episodes aren't supported yet)
06-02 08:10:41.507 D/PortcastImporter(  482):   ep[52] DROPPED: guid='' enclosureUrl='' has platformRefs=1 (parseEpisode requires guid OR enclosureUrl; platformRefs-only episodes aren't supported yet)
06-02 08:10:41.507 D/PortcastImporter(  482):   ep[53] DROPPED: guid='' enclosureUrl='' has platformRefs=1 (parseEpisode requires guid OR enclosureUrl; platformRefs-only episodes aren't supported yet)
06-02 08:10:41.507 D/PortcastImporter(  482):   ep[54] DROPPED: guid='' enclosureUrl='' has platformRefs=1 (parseEpisode requires guid OR enclosureUrl; platformRefs-only episodes aren't supported yet)
06-02 08:10:41.507 D/PortcastImporter(  482):   ep[55] DROPPED: guid='' enclosureUrl='' has platformRefs=1 (parseEpisode requires guid OR enclosureUrl; platformRefs-only episodes aren't supported yet)
06-02 08:10:41.507 D/PortcastImporter(  482):   ep[56] DROPPED: guid='' enclosureUrl='' has platformRefs=1 (parseEpisode requires guid OR enclosureUrl; platformRefs-only episodes aren't supported yet)
06-02 08:10:41.507 D/PortcastImporter(  482):   ep[57] DROPPED: guid='' enclosureUrl='' has platformRefs=1 (parseEpisode requires guid OR enclosureUrl; platformRefs-only episodes aren't supported yet)
06-02 08:10:41.507 D/PortcastImporter(  482):   ep[58] DROPPED: guid='' enclosureUrl='' has platformRefs=1 (parseEpisode requires guid OR enclosureUrl; platformRefs-only episodes aren't supported yet)
06-02 08:10:41.507 D/PortcastImporter(  482):   ep[59] DROPPED: guid='' enclosureUrl='' has platformRefs=1 (parseEpisode requires guid OR enclosureUrl; platformRefs-only episodes aren't supported yet)
06-02 08:10:41.507 D/PortcastImporter(  482):   ep[60] DROPPED: guid='' enclosureUrl='' has platformRefs=1 (parseEpisode requires guid OR enclosureUrl; platformRefs-only episodes aren't supported yet)
06-02 08:10:41.507 D/PortcastImporter(  482):   ep[61] DROPPED: guid='' enclosureUrl='' has platformRefs=1 (parseEpisode requires guid OR enclosureUrl; platformRefs-only episodes aren't supported yet)
06-02 08:10:41.507 D/PortcastImporter(  482):   ep[62] DROPPED: guid='' enclosureUrl='' has platformRefs=1 (parseEpisode requires guid OR enclosureUrl; platformRefs-only episodes aren't supported yet)
06-02 08:10:41.507 D/PortcastImporter(  482):   ep[63] DROPPED: guid='' enclosureUrl='' has platformRefs=1 (parseEpisode requires guid OR enclosureUrl; platformRefs-only episodes aren't supported yet)
06-02 08:10:41.507 D/PortcastImporter(  482):   ep[64] DROPPED: guid='' enclosureUrl='' has platformRefs=1 (parseEpisode requires guid OR enclosureUrl; platformRefs-only episodes aren't supported yet)
06-02 08:10:41.507 D/PortcastImporter(  482):   ep[65] DROPPED: guid='' enclosureUrl='' has platformRefs=1 (parseEpisode requires guid OR enclosureUrl; platformRefs-only episodes aren't supported yet)
06-02 08:10:41.507 D/PortcastImporter(  482):   ep[66] DROPPED: guid='' enclosureUrl='' has platformRefs=1 (parseEpisode requires guid OR enclosureUrl; platformRefs-only episodes aren't supported yet)
06-02 08:10:41.507 D/PortcastImporter(  482):   ep[67] DROPPED: guid='' enclosureUrl='' has platformRefs=1 (parseEpisode requires guid OR enclosureUrl; platformRefs-only episodes aren't supported yet)
06-02 08:10:41.507 D/PortcastImporter(  482):   ep[68] DROPPED: guid='' enclosureUrl='' has platformRefs=1 (parseEpisode requires guid OR enclosureUrl; platformRefs-only episodes aren't supported yet)
06-02 08:10:41.507 D/PortcastImporter(  482):   ep[69] DROPPED: guid='' enclosureUrl='' has platformRefs=1 (parseEpisode requires guid OR enclosureUrl; platformRefs-only episodes aren't supported yet)
06-02 08:10:41.507 D/PortcastImporter(  482):   ep[70] DROPPED: guid='' enclosureUrl='' has platformRefs=1 (parseEpisode requires guid OR enclosureUrl; platformRefs-only episodes aren't supported yet)
06-02 08:10:41.507 D/PortcastImporter(  482):   ep[71] DROPPED: guid='' enclosureUrl='' has platformRefs=1 (parseEpisode requires guid OR enclosureUrl; platformRefs-only episodes aren't supported yet)
06-02 08:10:41.507 D/PortcastImporter(  482):   ep[72] DROPPED: guid='' enclosureUrl='' has platformRefs=1 (parseEpisode requires guid OR enclosureUrl; platformRefs-only episodes aren't supported yet)
06-02 08:10:41.507 D/PortcastImporter(  482):   ep[73] DROPPED: guid='' enclosureUrl='' has platformRefs=1 (parseEpisode requires guid OR enclosureUrl; platformRefs-only episodes aren't supported yet)
06-02 08:10:41.507 D/PortcastImporter(  482):   ep[74] DROPPED: guid='' enclosureUrl='' has platformRefs=1 (parseEpisode requires guid OR enclosureUrl; platformRefs-only episodes aren't supported yet)
06-02 08:10:41.507 D/PortcastImporter(  482):   ep[75] DROPPED: guid='' enclosureUrl='' has platformRefs=1 (parseEpisode requires guid OR enclosureUrl; platformRefs-only episodes aren't supported yet)
06-02 08:10:41.507 D/PortcastImporter(  482):   ep[76] DROPPED: guid='' enclosureUrl='' has platformRefs=1 (parseEpisode requires guid OR enclosureUrl; platformRefs-only episodes aren't supported yet)
06-02 08:10:41.507 D/PortcastImporter(  482):   ep[77] DROPPED: guid='' enclosureUrl='' has platformRefs=1 (parseEpisode requires guid OR enclosureUrl; platformRefs-only episodes aren't supported yet)
06-02 08:10:41.507 D/PortcastImporter(  482):   ep[78] DROPPED: guid='' enclosureUrl='' has platformRefs=1 (parseEpisode requires guid OR enclosureUrl; platformRefs-only episodes aren't supported yet)
06-02 08:10:41.507 D/PortcastImporter(  482):   ep[79] DROPPED: guid='' enclosureUrl='' has platformRefs=1 (parseEpisode requires guid OR enclosureUrl; platformRefs-only episodes aren't supported yet)
06-02 08:10:41.507 D/PortcastImporter(  482):   ep[80] DROPPED: guid='' enclosureUrl='' has platformRefs=1 (parseEpisode requires guid OR enclosureUrl; platformRefs-only episodes aren't supported yet)
06-02 08:10:41.507 D/PortcastImporter(  482):   ep[81] DROPPED: guid='' enclosureUrl='' has platformRefs=1 (parseEpisode requires guid OR enclosureUrl; platformRefs-only episodes aren't supported yet)
06-02 08:10:41.507 D/PortcastImporter(  482):   ep[82] DROPPED: guid='' enclosureUrl='' has platformRefs=1 (parseEpisode requires guid OR enclosureUrl; platformRefs-only episodes aren't supported yet)
06-02 08:10:41.507 D/PortcastImporter(  482):   ep[83] DROPPED: guid='' enclosureUrl='' has platformRefs=1 (parseEpisode requires guid OR enclosureUrl; platformRefs-only episodes aren't supported yet)
06-02 08:10:41.507 D/PortcastImporter(  482):   ep[84] DROPPED: guid='' enclosureUrl='' has platformRefs=1 (parseEpisode requires guid OR enclosureUrl; platformRefs-only episodes aren't supported yet)
06-02 08:10:41.507 D/PortcastImporter(  482):   ep[85] DROPPED: guid='' enclosureUrl='' has platformRefs=1 (parseEpisode requires guid OR enclosureUrl; platformRefs-only episodes aren't supported yet)
06-02 08:10:41.507 D/PortcastImporter(  482):   ep[86] DROPPED: guid='' enclosureUrl='' has platformRefs=1 (parseEpisode requires guid OR enclosureUrl; platformRefs-only episodes aren't supported yet)
06-02 08:10:41.507 D/PortcastImporter(  482):   ep[87] DROPPED: guid='' enclosureUrl='' has platformRefs=1 (parseEpisode requires guid OR enclosureUrl; platformRefs-only episodes aren't supported yet)
06-02 08:10:41.507 D/PortcastImporter(  482):   ep[88] DROPPED: guid='' enclosureUrl='' has platformRefs=1 (parseEpisode requires guid OR enclosureUrl; platf06-02 08:10:41.507 D/PortcastImporter(  482):   ep[93] DROPPED: guid='' enclosureUrl='' has platformRefs=1 (parseEpisode requires guid OR enclosureUrl; platformRefs-only episodes aren't supported yet)
06-02 08:10:41.507 D/PortcastImporter(  482):   ep[94] DROPPED: guid='' enclosureUrl='' has platformRefs=1 (parseEpisode requires guid OR enclosureUrl; platformRefs-only episodes aren't supported yet)
06-02 08:10:41.507 D/PortcastImporter(  482):   ep[95] DROPPED: guid='' enclosureUrl='' has platformRefs=1 (parseEpisode requires guid OR enclosureUrl; platformRefs-only episodes aren't supported yet)
06-02 08:10:41.507 D/PortcastImporter(  482):   ep[96] DROPPED: guid='' enclosureUrl='' has platformRefs=1 (parseEpisode requires guid OR enclosureUrl; platformRefs-only episodes aren't supported yet)
06-02 08:10:41.507 D/PortcastImporter(  482):   ep[97] DROPPED: guid='' enclosureUrl='' has platformRefs=1 (parseEpisode requires guid OR enclosureUrl; platformRefs-only episodes aren't supported yet)
06-02 08:10:41.507 D/PortcastImporter(  482):   ep[98] DROPPED: guid='' enclosureUrl='' has platformRefs=1 (parseEpisode requires guid OR enclosureUrl; platformRefs-only episodes aren't supported yet)
06-02 08:10:41.507 D/PortcastImporter(  482):   ep[99] DROPPED: guid='' enclosureUrl='' has platformRefs=1 (parseEpisode requires guid OR enclosureUrl; platformRefs-only episodes aren't supported yet)
06-02 08:10:41.507 D/PortcastImporter(  482):   ep[100] DROPPED: guid='' enclosureUrl='' has platformRefs=1 (parseEpisode requires guid OR enclosureUrl; platformRefs-only episodes aren't supported yet)
06-02 08:10:41.507 D/PortcastImporter(  482):   ep[101] DROPPED: guid='' enclosureUrl='' has platformRefs=1 (parseEpisode requires guid OR enclosureUrl; platformRefs-only episodes aren't supported yet)
06-02 08:10:41.507 D/PortcastImporter(  482):   ep[102] DROPPED: guid='' enclosureUrl='' has platformRefs=1 (parseEpisode requires guid OR enclosureUrl; platformRefs-only episodes aren't supported yet)
06-02 08:10:41.507 D/PortcastImporter(  482):   ep[103] DROPPED: guid='' enclosureUrl='' has platformRefs=1 (parseEpisode requires guid OR enclosureUrl; platformRefs-only episodes aren't supported yet)
06-02 08:10:41.507 D/PortcastImporter(  482):   ep[104] DROPPED: guid='' enclosureUrl='' has platformRefs=1 (parseEpisode requires guid OR enclosureUrl; platformRefs-only episodes aren't supported yet)
06-02 08:10:41.507 D/PortcastImporter(  482):   ep[105] DROPPED: guid='' enclosureUrl='' has platformRefs=1 (parseEpisode requires guid OR enclosureUrl; platformRefs-only episodes aren't supported yet)
06-02 08:10:41.507 D/PortcastImporter(  482):   ep[106] DROPPED: guid='' enclosureUrl='' has platformRefs=1 (parseEpisode requires guid OR enclosureUrl; platformRefs-only episodes aren't supported yet)
06-02 08:10:41.507 D/PortcastImporter(  482):   ep[107] DROPPED: guid='' enclosureUrl='' has platformRefs=1 (parseEpisode requires guid OR enclosureUrl; platformRefs-only episodes aren't supported yet)
06-02 08:10:41.507 D/PortcastImporter(  482):   ep[108] DROPPED: guid='' enclosureUrl='' has platformRefs=1 (parseEpisode requires guid OR enclosureUrl; platformRefs-only episodes aren't supported yet)
06-02 08:10:41.507 D/PortcastImporter(  482):   ep[109] DROPPED: guid='' enclosureUrl='' has platformRefs=1 (parseEpisode requires guid OR enclosureUrl; platformRefs-only episodes aren't supported yet)
06-02 08:10:41.507 D/PortcastImporter(  482):   ep[110] DROPPED: guid='' enclosureUrl='' has platformRefs=1 (parseEpisode requires guid OR enclosureUrl; platformRefs-only episodes aren't supported yet)
06-02 08:10:41.507 D/PortcastImporter(  482):   ep[111] DROPPED: guid='' enclosureUrl='' has platformRefs=1 (parseEpisode requires guid OR enclosureUrl; platformRefs-only episodes aren't supported yet)
06-02 08:10:41.507 D/PortcastImporter(  482):   ep[112] DROPPED: guid='' enclosureUrl='' has platformRefs=1 (parseEpisode requires guid OR enclosureUrl; platformRefs-only episodes aren't supported yet)
06-02 08:10:41.507 D/PortcastImporter(  482):   ep[113] DROPPED: guid='' enclosureUrl='' has platformRefs=1 (parseEpisode requires guid OR enclosureUrl; platformRefs-only episodes aren't supported yet)
06-02 08:10:41.507 D/PortcastImporter(  482):   ep[114] DROPPED: guid='' enclosureUrl='' has platformRefs=1 (parseEpisode requires guid OR enclosureUrl; platformRefs-only episodes aren't supported yet)
06-02 08:10:41.507 D/PortcastImporter(  482):   ep[115] DROPPED: guid='' enclosureUrl='' has platformRefs=1 (parseEpisode requires guid OR enclosureUrl; platformRefs-only episodes aren't supported yet)
06-02 08:10:41.507 D/PortcastImporter(  482):   ep[116] DROPPED: guid='' enclosureUrl='' has platformRefs=1 (parseEpisode requires guid OR enclosureUrl; platformRefs-only episodes aren't supported yet)
06-02 08:10:41.507 D/PortcastImporter(  482):   ep[117] DROPPED: guid='' enclosureUrl='' has platformRefs=1 (parseEpisode requires guid OR enclosureUrl; platformRefs-only episodes aren't supported yet)
06-02 08:10:41.507 D/PortcastImporter(  482):   ep[118] DROPPED: guid='' enclosureUrl='' has platformRefs=1 (parseEpisode requires guid OR enclosureUrl; platformRefs-only episodes aren't supported yet)
06-02 08:10:41.507 D/PortcastImporter(  482):   ep[119] DROPPED: guid='' enclosureUrl='' has platformRefs=1 (parseEpisode requires guid OR enclosureUrl; platformRefs-only episodes aren't supported yet)
06-02 08:10:41.507 D/PortcastImporter(  482):   ep[120] DROPPED: guid='' enclosureUrl='' has platformRefs=1 (parseEpisode requires guid OR enclosureUrl; platformRefs-only episodes aren't supported yet)
06-02 08:10:41.507 D/PortcastImporter(  482):   ep[121] DROPPED: guid='' enclosureUrl='' has platformRefs=1 (parseEpisode requires guid OR enclosureUrl; platformRefs-only episodes aren't supported yet)
06-02 08:10:41.507 D/PortcastImporter(  482):   ep[122] DROPPED: guid='' enclosureUrl='' has platformRefs=1 (parseEpisode requires guid OR enclosureUrl; platformRefs-only episodes aren't supported yet)
06-02 08:10:41.507 D/PortcastImporter(  482):   ep[123] DROPPED: guid='' enclosureUrl='' has platformRefs=1 (parseEpisode requires guid OR enclosureUrl; platformRefs-only episodes aren't supported yet)
06-02 08:10:41.507 D/PortcastImporter(  482):   ep[124] DROPPED: guid='' enclosureUrl='' has platformRefs=1 (parseEpisode requires guid OR enclosureUrl; platformRefs-only episodes aren't supported yet)
06-02 08:10:41.507 D/PortcastImporter(  482):   ep[125] DROPPED: guid='' enclosureUrl='' has platformRefs=1 (parseEpisode requires guid OR enclosureUrl; platformRefs-only episodes aren't supported yet)
06-02 08:10:41.507 D/PortcastImporter(  482):   ep[126] DROPPED: guid='' enclosureUrl='' has platformRefs=1 (parseEpisode requires guid OR enclosureUrl; platformRefs-only episodes aren't supported yet)
06-02 08:10:41.507 D/PortcastImporter(  482):   ep[127] DROPPED: guid='' enclosureUrl='' has platformRefs=1 (parseEpisode requires guid OR enclosureUrl; platformRefs-only episodes aren't supported yet)
06-02 08:10:41.507 D/PortcastImporter(  482):   ep[128] DROPPED: guid='' enclosureUrl='' has platformRefs=1 (parseEpisode requires guid OR enclosureUrl; platformRefs-only episodes aren't supported yet)
06-02 08:10:41.507 D/PortcastImporter(  482):   ep[129] DROPPED: guid='' enclosureUrl='' has platformRefs=1 (parseEpisode requires guid OR enclosureUrl; platformRefs-only episodes aren't supported yet)
06-02 08:10:41.507 D/PortcastImporter(  482):   ep[130] DROPPED: guid='' enclosureUrl='' has platformRefs=1 (parseEpisode requires guid OR enclosureUrl; platformRefs-only episodes aren't supported yet)
06-02 08:10:41.507 D/PortcastImporter(  482):   ep[131] DROPPED: guid='' enclosureUrl='' has platformRefs=1 (parseEpisode requires guid OR enclosureUrl; platformRefs-only episodes aren't supported yet)
06-02 08:10:41.507 D/PortcastImporter(  482):   ep[132] DROPPED: guid='' enclosureUrl='' has platformRefs=1 (parseEpisode requires guid OR enclosureUrl; platformRefs-only episodes aren't supported yet)
06-02 08:10:41.507 D/PortcastImporter(  482):   ep[133] DROPPED: guid='' enclosureUrl='' has platformRefs=1 (parseEpisode requires guid OR enclosureUrl; platformRefs-only episodes aren't supported yet)
06-02 08:10:41.507 D/PortcastImporter(  482):   ep[134] DROPPED: guid='' enclosureUrl='' has platformRefs=1 (parseEpisode requires guid OR enclosureUrl; platformRefs-only episodes aren't supported yet)
06-02 08:10:41.507 D/PortcastImporter(  482):   ep[135] DROPPED: guid='' enclosureUrl='' has platformRefs=1 (parseEpisode requires guid OR enclosureUrl; platformRefs-only episodes aren't supported yet)
06-02 08:10:41.507 D/PortcastImporter(  482):   ep[136] DROPPED: guid='' enclosureUrl='' has platformRefs=1 (parseEpisode requires guid OR enclosureUrl; platformRefs-only episodes aren't supported yet)
06-02 08:10:41.507 D/PortcastImporter(  482):   ep[137] DROPPED: guid='' enclosureUrl='' has platformRefs=1 (parseEpisode requires guid OR enclosureUrl; platformRefs-only episodes aren't supported yet)
06-02 08:10:41.507 D/PortcastImporter(  482):   ep[138] DROPPED: guid='' enclosureUrl='' has platformRefs=1 (parseEpisode requires guid OR enclosureUrl; platformRefs-only episodes aren't supported yet)
06-02 08:10:41.508 D/PortcastImporter(  482):   ep[139] DROPPED: guid='' enclosureUrl='' has platformRefs=1 (parseEpisode requires guid OR enclosureUrl; platformRefs-only episodes aren't supported yet)
06-02 08:10:41.508 D/PortcastImporter(  482):   ep[140] DROPPED: guid='' enclosureUrl='' has platformRefs=1 (parseEpisode requires guid OR enclosureUrl; platformRefs-only episodes aren't supported yet)
06-02 08:10:41.508 D/PortcastImporter(  482):   ep[141] DROPPED: guid='' enclosureUrl='' has platformRefs=1 (parseEpisode requires guid OR enclosureUrl; platformRefs-only episodes aren't supported yet)
06-02 08:10:41.508 D/PortcastImporter(  482):   ep[142] DROPPED: guid='' enclosureUrl='' has platformRefs=1 (parseEpisode requires guid OR enclosureUrl; platformRefs-only episodes aren't supported yet)
06-02 08:10:41.508 D/PortcastImporter(  482):   ep[143] DROPPED: guid='' enclosureUrl='' has platformRefs=1 (parseEpisode requires guid OR enclosureUrl; platformRefs-only episodes aren't supported yet)
06-02 08:10:41.508 D/PortcastImporter(  482):   ep[144] DROPPED: guid='' enclosureUrl='' has platformRefs=1 (parseEpisode requires guid OR enclosureUrl; platformRefs-only episodes aren't supported yet)
06-02 08:10:41.508 D/PortcastImporter(  482):   ep[145] DROPPED: guid='' enclosureUrl='' has platformRefs=1 (parseEpisode requires guid OR enclosureUrl; platformRefs-only episodes aren't supported yet)
06-02 08:10:41.508 D/PortcastImporter(  482):   ep[146] DROPPED: guid='' enclosureUrl='' has platformRefs=1 (parseEpisode requires guid OR enclosureUrl; platformRefs-only episodes aren't supported yet)
06-02 08:10:41.508 D/PortcastImporter(  482):   ep[147] DROPPED: guid='' enclosureUrl='' has platformRefs=1 (parseEpisode requires guid OR enclosureUrl; platformRefs-only episodes aren't supported yet)
06-02 08:10:41.508 D/PortcastImporter(  482):   ep[148] DROPPED: guid='' enclosureUrl='' has platformRefs=1 (parseEpisode requires guid OR enclosureUrl; platformRefs-only episodes aren't supported yet)
06-02 08:10:41.508 D/PortcastImporter(  482):   ep[149] DROPPED: guid='' enclosureUrl='' has platformRefs=1 (parseEpisode requires guid OR enclosureUrl; platformRefs-only episodes aren't supported yet)
06-02 08:10:41.508 D/PortcastImporter(  482):   ep[150] DROPPED: guid='' enclosureUrl='' has platformRefs=1 (parseEpisode requires guid OR enclosureUrl; platformRefs-only episodes aren't supported yet)
06-02 08:10:41.508 D/PortcastImporter(  482):   ep[151] DROPPED: guid='' enclosureUrl='' has platformRefs=1 (parseEpisode requires guid OR enclosureUrl; platformRefs-only episodes aren't supported yet)
06-02 08:10:41.508 D/PortcastImporter(  482):   ep[152] DROPPED: guid='' enclosureUrl='' has platformRefs=1 (parseEpisode requires guid OR enclosureUrl; platformRefs-only episodes aren't supported yet)
06-02 08:10:41.508 D/PortcastImporter(  482):   ep[153] DROPPED: guid='' enclosureUrl='' has platformRefs=1 (parseEpisode requires guid OR enclosureUrl; platformRefs-only episodes aren't supported yet)
06-02 08:10:41.508 D/PortcastImporter(  482):   ep[154] DROPPED: guid='' enclosureUrl='' has platformRefs=1 (parseEpisode requires guid OR enclosureUrl; platformRefs-only episodes aren't supported yet)
06-02 08:10:41.508 D/PortcastImporter(  482):   ep[155] DROPPED: guid='' enclosureUrl='' has platformRefs=1 (parseEpisode requires guid OR enclosureUrl; platformRefs-only episodes aren't supported yet)
06-02 08:10:41.508 D/PortcastImporter(  482):   ep[156] DROPPED: guid='' enclosureUrl='' has platformRefs=1 (parseEpisode requires guid OR enclosureUrl; platformRefs-only episodes aren't supported yet)
06-02 08:10:41.508 D/PortcastImporter(  482):   ep[157] DROPPED: guid='' enclosureUrl='' has platformRefs=1 (parseEpisode requires guid OR enclosureUrl; platformRefs-only episodes aren't supported yet)
06-02 08:10:41.508 D/PortcastImporter(  482):   ep[158] DROPPED: guid='' enclosureUrl='' has platformRefs=1 (parseEpisode requires guid OR enclosureUrl; platformRefs-only episodes aren't supported yet)
06-02 08:10:41.508 D/PortcastImporter(  482):   ep[159] DROPPED: guid='' enclosureUrl='' has platformRefs=1 (parseEpisode requires guid OR enclosureUrl; platformRefs-only episodes aren't supported yet)
06-02 08:10:41.508 D/PortcastImporter(  482):   ep[160] DROPPED: guid='' enclosureUrl='' has platformRefs=1 (parseEpisode requires guid OR enclosureUrl; platformRefs-only episodes aren't supported yet)
06-02 08:10:41.508 D/PortcastImporter(  482):   ep[161] DROPPED: guid='' enclosureUrl='' has platformRefs=1 (parseEpisode requires guid OR enclosureUrl; platformRefs-only episodes aren't supported yet)
06-02 08:10:41.508 D/PortcastImporter(  482):   ep[162] DROPPED: guid='' enclosureUrl='' has platformRefs=1 (parseEpisode requires guid OR enclosureUrl; platformRefs-only episodes aren't supported yet)
06-02 08:10:41.508 D/PortcastImporter(  482):   ep[163] DROPPED: guid='' enclosureUrl='' has platformRefs=1 (parseEpisode requires guid OR enclosureUrl; platformRefs-only episodes aren't supported yet)
06-02 08:10:41.508 D/PortcastImporter(  482):   ep[164] DROPPED: guid='' enclosureUrl='' has platformRefs=1 (parseEpisode requires guid OR enclosureUrl; platformRefs-only episodes aren't supported yet)
06-02 08:10:41.508 D/PortcastImporter(  482):   ep[165] DROPPED: guid='' enclosureUrl='' has platformRefs=1 (parseEpisode requires guid OR enclosureUrl; platformRefs-only episodes aren't supported yet)
06-02 08:10:41.508 D/PortcastImporter(  482):   ep[166] DROPPED: guid='' enclosureUrl='' has platformRefs=1 (parseEpisode requires guid OR enclosureUrl; platformRefs-only episodes aren't supported yet)
06-02 08:10:41.508 D/PortcastImporter(  482):   ep[167] DROPPED: guid='' enclosureUrl='' has platformRefs=1 (parseEpisode requires guid OR enclosureUrl; platformRefs-only episodes aren't supported yet)
06-02 08:10:41.508 D/PortcastImporter(  482):   ep[168] DROPPED: guid='' enclosureUrl='' has platformRefs=1 (parseEpisode requires guid OR enclosureUrl; platformRefs-only episodes aren't supported yet)
06-02 08:10:41.508 D/PortcastImporter(  482):   ep[169] DROPPED: guid='' enclosureUrl='' has platformRefs=1 (parseEpisode requires guid OR enclosureUrl; platformRefs-only episodes aren't supported yet)
06-02 08:10:41.508 D/PortcastImporter(  482):   ep[170] DROPPED: guid='' enclosureUrl='' has platformRefs=1 (parseEpisode requires guid OR enclosureUrl; platformRefs-only episodes aren't supported yet)
06-02 08:10:41.508 D/PortcastImporter(  482):   ep[171] DROPPED: guid='' enclosureUrl='' has platformRefs=1 (parseEpisode requires guid OR enclosureUrl; platformRefs-only episodes aren't supported yet)
06-02 08:10:41.508 D/PortcastImporter(  482):   ep[172] DROPPED: guid='' enclosureUrl='' has platformRefs=1 (parseEpisode requires guid OR enclosureUrl; platformRefs-only episodes aren't supported yet)
06-02 08:10:41.508 D/PortcastImporter(  482):   ep[173] DROPPED: guid='' enclosureUrl='' has platformRefs=1 (parseEpisode requires guid OR enclosureUrl; platformRefs-only episodes aren't supported yet)
06-02 08:10:41.508 D/PortcastImporter(  482):   ep[174] DROPPED: guid='' enclosureUrl='' has platformRefs=1 (parseEpisode requires guid OR enclosureUrl; platformRefs-only episodes aren't supported yet)
06-02 08:10:41.508 D/PortcastImporter(  482):   ep[175] DROPPED: guid='' enclosureUrl='' has platformRefs=1 (parseEpisode requires guid OR enclosureUrl; platformRefs-only episodes aren't supported yet)
06-02 08:10:41.508 D/PortcastImporter(  482):   ep[176] DROPPED: guid='' enclosureUrl='' has platformRefs=1 (parseEpisode requires guid OR enclosureUrl; platformRefs-only episodes aren't supported yet)
06-02 08:10:41.508 D/PortcastImporter(  482):   ep[177] DROPPED: guid='' enclosureUrl='' has platformRefs=1 (parseEpisode requires guid OR enclosureUrl; platformRefs-only episodes aren't supported yet)
06-02 08:10:41.508 D/PortcastImporter(  482):   ep[178] DROPPED: guid='' enclosureUrl='' has platformRefs=1 (parseEpisode requires guid OR enclosureUrl; platformRefs-only episodes aren't supported yet)
06-02 08:10:41.508 D/PortcastImporter(  482):   ep[179] DROPPED: guid='' enclosureUrl='' has platformRefs=1 (parseEpisode requires guid OR enclosureUrl; platformRefs-only episodes aren't supported yet)
06-02 08:10:41.508 D/PortcastImporter(  482):   ep[180] DROPPED: guid='' enclosureUrl='' has platformRefs=1 (parseEpisode requires guid OR enclosureUrl; platformRefs-only episodes aren't supported yet)
06-02 08:10:41.508 D/PortcastImporter(  482):   ep[181] DROPPED: guid='' enclosureUrl='' has platformRefs=1 (parseEpisode requires guid OR enclosureUrl; platformRefs-only episodes aren't supported yet)
06-02 08:10:41.508 D/PortcastImporter(  482):   ep[182] DROPPED: guid='' enclosureUrl='' has platformRefs=1 (parseEpisode requires guid OR enclosureUrl; platformRefs-only episodes aren't supported yet)
06-02 08:10:41.508 D/PortcastImporter(  482):   ep[183] DROPPED: guid='' enclosureUrl='' has platformRefs=1 (parseEpisode requires guid OR enclosureUrl; platformRefs-only episodes aren't supported yet)
06-02 08:10:41.508 D/PortcastImporter(  482):   ep[184] DROPPED: guid='' enclosureUrl='' has platformRefs=1 (parseEpisode requires guid OR enclosureUrl; platformRefs-only episodes aren't supported yet)
06-02 08:10:41.508 D/PortcastImporter(  482):   ep[185] DROPPED: guid='' enclosureUrl='' has platformRefs=1 (parseEpisode requires guid OR enclosureUrl; platformRefs-only episodes aren't supported yet)
06-02 08:10:41.508 D/PortcastImporter(  482):   ep[186] DROPPED: guid='' enclosureUrl='' has platformRefs=1 (parseEpisode requires guid OR enclosureUrl; platformRefs-only episodes aren't supported yet)
06-02 08:10:41.508 D/PortcastImporter(  482):   ep[187] DROPPED: guid='' enclosureUrl='' has platformRefs=1 (parseEpisode requires guid OR enclosureUrl; platformRefs-only episodes aren't supported yet)
06-02 08:10:41.508 D/PortcastImporter(  482):   ep[188] DROPPED: guid='' enclosureUrl='' has platformRefs=1 (parseEpisode requires guid OR enclosureUrl; platformRefs-only episodes aren't supported yet)
06-02 08:10:41.508 D/PortcastImporter(  482):   ep[189] DROPPED: guid='' enclosureUrl='' has platformRefs=1 (parseEpisode requires guid OR enclosureUrl; platformRefs-only episodes aren't supported yet)
06-02 08:10:41.508 D/PortcastImporter(  482):   ep[190] DROPPED: guid='' enclosureUrl='' has platformRefs=1 (parseEpisode requires guid OR enclosureUrl; platformRefs-only episodes aren't supported yet)
06-02 08:10:41.508 D/PortcastImporter(  482):   ep[191] DROPPED: guid='' enclosureUrl='' has platformRefs=1 (parseEpisode requires guid OR enclosureUrl; platformRefs-only episodes aren't supported yet)
06-02 08:10:41.508 D/PortcastImporter(  482):   ep[192] DROPPED: guid='' enclosureUrl='' has platformRefs=1 (parseEpisode requires guid OR enclosureUrl; platformRefs-only episodes aren't supported yet)
06-02 08:10:41.508 D/PortcastImporter(  482):   ep[193] DROPPED: guid='' enclosureUrl='' has platformRefs=1 (parseEpisode requires guid OR enclosureUrl; platformRefs-only episodes aren't supported yet)
06-02 08:10:41.508 D/PortcastImporter(  482):   ep[194] DROPPED: guid='' enclosureUrl='' has platformRefs=1 (parseEpisode requires guid OR enclosureUrl; platformRefs-only episodes aren't supported yet)
06-02 08:10:41.508 D/PortcastImporter(  482):   ep[195] DROPPED: guid='' enclosureUrl='' has platformRefs=1 (parseEpisode requires guid OR enclosureUrl; platformRefs-only episodes aren't supported yet)
06-02 08:10:41.508 D/PortcastImporter(  482):   ep[196] DROPPED: guid='' enclosureUrl='' has platformRefs=1 (parseEpisode requires guid OR enclosureUrl; platformRefs-only episodes aren't supported yet)
06-02 08:10:41.508 D/PortcastImporter(  482):   ep[197] DROPPED: guid='' enclosureUrl='' has platformRefs=1 (parseEpisode requires guid OR enclosureUrl; platformRefs-only episodes aren't supported yet)
06-02 08:10:41.508 D/PortcastImporter(  482):   ep[198] DROPPED: guid='' enclosureUrl='' has platformRefs=1 (parseEpisode requires guid OR enclosureUrl; platformRefs-only episodes aren't supported yet)
06-02 08:10:41.508 D/PortcastImporter(  482):   ep[199] DROPPED: guid='' enclosureUrl='' has platformRefs=1 (parseEpisode requires guid OR enclosureUrl; platformRefs-only episodes aren't supported yet)
06-02 08:10:41.508 D/PortcastImporter(  482):   ep[200] DROPPED: guid='' enclosureUrl='' has platformRefs=1 (parseEpisode requires guid OR enclosureUrl; platformRefs-only episodes aren't supported yet)
06-02 08:10:41.508 D/PortcastImporter(  482):   ep[201] DROPPED: guid='' enclosureUrl='' has platformRefs=1 (parseEpisode requires guid OR enclosureUrl; platformRefs-only episodes aren't supported yet)
06-02 08:10:41.508 D/PortcastImporter(  482):   ep[202] DROPPED: guid='' enclosureUrl='' has platformRefs=1 (parseEpisode requires guid OR enclosureUrl; platformRefs-only episodes aren't supported yet)
06-02 08:10:41.508 D/PortcastImporter(  482):   ep[203] DROPPED: guid='' enclosureUrl='' has platformRefs=1 (parseEpisode requires guid OR enclosureUrl; platformRefs-only episodes aren't supported yet)
06-02 08:10:41.508 D/PortcastImporter(  482):   ep[204] DROPPED: guid='' enclosureUrl='' has platformRefs=1 (parseEpisode requires guid OR enclosureUrl; platformRefs-only episodes aren't supported yet)
06-02 08:10:41.508 D/PortcastImporter(  482):   ep[205] DROPPED: guid='' enclosureUrl='' has platformRefs=1 (parseEpisode requires guid OR enclosureUrl; platformRefs-only episodes aren't supported yet)
06-02 08:10:41.508 D/PortcastImporter(  482):   ep[206] DROPPED: guid='' enclosureUrl='' has platformRefs=1 (parseEpisode requires guid OR enclosureUrl; platformRefs-only episodes aren't supported yet)
06-02 08:10:41.508 D/PortcastImporter(  406-02 08:10:41.508 D/PortcastImporter(  482):   ep[203] DROPPED: guid='' enclosureUrl='' has platformRefs=1 (parseEpisode requires guid OR enclosureUrl; platformRefs-only episodes aren't supported yet)
06-02 08:10:41.508 D/PortcastImporter(  482):   ep[204] DROPPED: guid='' enclosureUrl='' has platformRefs=1 (parseEpisode requires guid OR enclosureUrl; platformRefs-only episodes aren't supported yet)
06-02 08:10:41.508 D/PortcastImporter(  482):   ep[205] DROPPED: guid='' enclosureUrl='' has platformRefs=1 (parseEpisode requires guid OR enclosureUrl; platformR06-02 08:10:41.508 D/PortcastImporter(  482):   ep[210] DROPPED: guid='' enclosureUrl='' has platformRefs=1 (parseEpisode requires guid OR enclosureUrl; platformRefs-only episodes aren't supported yet)
06-02 08:10:41.508 D/PortcastImporter(  482):   ep[211] DROPPED: guid='' enclosureUrl='' has platformRefs=1 (parseEpisode requires guid OR enclosureUrl; platformRefs-only episodes aren't supported yet)
06-02 08:10:41.508 D/PortcastImporter(  482):   ep[212] DROPPED: guid='' enclosureUrl='' has platformRefs=1 (parseEpisode requires guid OR enclosureUrl; platformRefs-only episodes aren't supported yet)
06-02 08:10:41.508 D/PortcastImporter(  482):   ep[213] DROPPED: guid='' enclosureUrl='' has platformRefs=1 (parseEpisode requires guid OR enclosureUrl; platformRefs-only episodes aren't supported yet)
06-02 08:10:41.508 D/PortcastImporter(  482):   ep[214] DROPPED: guid='' enclosureUrl='' has platformRefs=1 (parseEpisode requires guid OR enclosureUrl; platformRefs-only episodes aren't supported yet)
06-02 08:10:41.508 D/PortcastImporter(  482):   ep[215] DROPPED: guid='' enclosureUrl='' has platformRefs=1 (parseEpisode requires guid OR enclosureUrl; platformRefs-only episodes aren't supported yet)
06-02 08:10:41.508 D/PortcastImporter(  482):   ep[216] DROPPED: guid='' enclosureUrl='' has platformRefs=1 (parseEpisode requires guid OR enclosureUrl; platformRefs-only episodes aren't supported yet)
06-02 08:10:41.508 D/PortcastImporter(  482):   ep[217] DROPPED: guid='' enclosureUrl='' has platformRefs=1 (parseEpisode requires guid OR enclosureUrl; platformRefs-only episodes aren't supported yet)
06-02 08:10:41.508 D/PortcastImporter(  482):   ep[218] DROPPED: guid='' enclosureUrl='' has platformRefs=1 (parseEpisode requires guid OR enclosureUrl; platformRefs-only episodes aren't supported yet)
06-02 08:10:41.508 D/PortcastImporter(  482):   ep[219] DROPPED: guid='' enclosureUrl='' has platformRefs=1 (parseEpisode requires guid OR enclosureUrl; platformRefs-only episodes aren't supported yet)
06-02 08:10:41.508 D/PortcastImporter(  482):   ep[220] DROPPED: guid='' enclosureUrl='' has platformRefs=1 (parseEpisode requires guid OR enclosureUrl; platformRefs-only episodes aren't supported yet)
06-02 08:10:41.508 D/PortcastImporter(  482):   ep[221] DROPPED: guid='' enclosureUrl='' has platformRefs=1 (parseEpisode requires guid OR enclosureUrl; platformRefs-only episodes aren't supported yet)
06-02 08:10:41.508 D/PortcastImporter(  482):   ep[222] DROPPED: guid='' enclosureUrl='' has platformRefs=1 (parseEpisode requires guid OR enclosureUrl; platformRefs-only episodes aren't supported yet)
06-02 08:10:41.508 D/PortcastImporter(  482):   ep[223] DROPPED: guid='' enclosureUrl='' has platformRefs=1 (parseEpisode requires guid OR enclosureUrl; platformRefs-only episodes aren't supported yet)
06-02 08:10:41.508 D/PortcastImporter(  482):   ep[224] DROPPED: guid='' enclosureUrl='' has platformRefs=1 (parseEpisode requires guid OR enclosureUrl; platformRefs-only episodes aren't supported yet)
06-02 08:10:41.508 D/PortcastImporter(  406-02 08:10:41.508 D/PortcastImporter(  482):   ep[221] DROPPED: guid='' enclosureUrl='' has platformRefs=1 (parseEpisode requires guid OR enclosureUrl; platformRefs-only episodes aren't supported yet)
06-02 08:10:41.508 D/PortcastImporter(  482):   ep[222] DROPPED: guid='' enclosureUrl='' has platformRefs=1 (parseEpisode requires guid OR enclosureUrl; platformRefs-only episodes aren't supported yet)
06-02 08:10:41.508 D/PortcastImporter(  482):   ep[223] DROPPED: guid='' enclosureUrl='' has platformRefs=1 (parseEpisode requires guid OR enclosureUrl; platformR06-02 08:10:41.508 D/PortcastImporter(  482):   ep[228] DROPPED: guid='' enclosureUrl='' has platformRefs=1 (parseEpisode requires guid OR enclosureUrl; platformRefs-only episodes aren't supported yet)
06-02 08:10:41.508 D/PortcastImporter(  482):   ep[229] DROPPED: guid='' enclosureUrl='' has platformRefs=1 (parseEpisode requires guid OR enclosureUrl; platformRefs-only episodes aren't supported yet)
06-02 08:10:41.508 D/PortcastImporter(  482):   ep[230] DROPPED: guid='' enclosureUrl='' has platformRefs=1 (parseEpisode requires guid OR enclosureUrl; platformRefs-only episodes aren't supported yet)
06-02 08:10:41.508 D/PortcastImporter(  482):   ep[231] DROPPED: guid='' enclosureUrl='' has platformRefs=1 (parseEpisode requires guid OR enclosureUrl; platformRefs-only episodes aren't supported yet)
06-02 08:10:41.508 D/PortcastImporter(  482):   ep[232] DROPPED: guid='' enclosureUrl='' has platformRefs=1 (parseEpisode requires guid OR enclosureUrl; platformRefs-only episodes aren't supported yet)
06-02 08:10:41.508 D/PortcastImporter(  406-02 08:10:41.508 D/PortcastImporter(  482):   ep[229] DROPPED: guid='' enclosureUrl='' has platformRefs=1 (parseEpisode requires guid OR enclosureUrl; platformRefs-only episodes aren't supported yet)
06-02 08:10:41.508 D/PortcastImporter(  482):   ep[230] DROPPED: guid='' enclosureUrl='' has platformRefs=1 (parseEpisode requires guid OR enclosureUrl; platformRefs-only episodes aren't supported yet)
06-02 08:10:41.508 D/PortcastImporter(  482):   ep[231] DROPPED: guid='' enclosureUrl='' has platformRefs=1 (parseEpisode requires guid OR enclosureUrl; platformR06-02 08:10:41.509 D/PortcastImporter(  482):   ep[236] DROPPED: guid='' enclosureUrl='' has platformRefs=1 (parseEpisode requires guid OR enclosureUrl; platformRefs-only episodes aren't supported yet)
06-02 08:10:41.509 D/PortcastImporter(  482):   ep[237] DROPPED: guid='' enclosureUrl='' has platformRefs=1 (parseEpisode requires guid OR enclosureUrl; platformRefs-only episodes aren't supported yet)
06-02 08:10:41.509 D/PortcastImporter(  482):   ep[238] DROPPED: guid='' enclosureUrl='' has platformRefs=1 (parseEpisode requires guid OR enclosureUrl; platformRefs-only episodes aren't supported yet)
06-02 08:10:41.509 D/PortcastImporter(  406-02 08:10:41.508 D/PortcastImporter(  482):   ep[235] DROPPED: guid='' enclosureUrl='' has platformRefs=1 (parseEpisode requires guid OR enclosureUrl; platformRefs-only episodes aren't supported yet)
06-02 08:10:41.509 D/PortcastImporter(  482):   ep[236] DROPPED: guid='' enclosureUrl='' has platformRefs=1 (parseEpisode requires guid OR enclosureUrl; platformRefs-only episodes aren't supported yet)
06-02 08:10:41.509 D/PortcastImporter(  482):   ep[237] DROPPED: guid='' enclosureUrl='' has platformRefs=1 (parseEpisode requires guid OR enclosureUrl; platformRefs-only episodes aren't supported yet)
06-02 08:10:41.509 D/PortcastImporter(  482):   ep[238] DROPPED: guid='' enclosureUrl='' has platformRefs=1 (parseEpisode requires guid OR enclosureUrl; platformRefs-only episodes aren't supported yet)
06-02 08:10:41.509 D/PortcastImporter(  482):   ep[239] DROPPED: guid='' enclosureUrl='' has platformRefs=1 (parseEpisode requires guid OR enclosureUrl; platformRefs-only episodes aren't supported yet)
06-02 08:10:41.509 D/PortcastImporter(  482):   ep[240] DROPPED: guid='' enclosureUrl='' has platformRefs=1 (parseEpisode requires guid OR enclosureUrl; platformRefs-only episodes aren't supported yet)
06-02 08:10:41.509 D/PortcastImporter(  482):   ep[241] DROPPED: guid='' enclosureUrl='' has platformRefs=1 (parseEpisode requires guid OR enclosureUrl; platformRefs-only episodes aren't supported yet)
06-02 08:10:41.509 D/PortcastImporter(  482):   ep[242] DROPPED: guid='' enclosureUrl='' has platformRefs=1 (parseEpisode requires guid OR enclosureUrl; platformRefs-only episodes aren't supported yet)
06-02 08:10:41.509 D/PortcastImporter(  482):   ep[243] DROPPED: guid='' enclosureUrl='' has platformRefs=1 (parseEpisode requires guid OR enclosureUrl; platformRefs-only episodes aren't supported yet)
06-02 08:10:41.509 D/PortcastImporter(  482):   ep[244] DROPPED: guid='' enclosureUrl='' has platformRefs=1 (parseEpisode requires guid OR enclosureUrl; platformRefs-only episodes aren't supported yet)
06-02 08:10:41.509 D/PortcastImporter(  482):   ep[245] DROPPED: guid='' enclosureUrl='' has platformRefs=1 (parseEpisode requires guid OR enclosureUrl; platformRefs-only episodes aren't supported yet)
06-02 08:10:41.509 D/PortcastImporter(  482):   ep[246] DROPPED: guid='' enclosureUrl='' has platformRefs=1 (parseEpisode requires guid OR enclosureUrl; platformRefs-only episodes aren't supported yet)
06-02 08:10:41.509 D/PortcastImporter(  482):   ep[247] DROPPED: guid='' enclosureUrl='' has platformRefs=1 (parseEpisode requires guid OR enclosureUrl; platformRefs-only episodes aren't supported yet)
06-02 08:10:41.509 D/PortcastImporter(  482):   ep[248] DROPPED: guid='' enclosureUrl='' has platformRefs=1 (parseEpisode requires guid OR enclosureUrl; platformRefs-only episodes aren't supported yet)
06-02 08:10:41.509 D/PortcastImporter(  482):   ep[249] DROPPED: guid='' enclosureUrl='' has platformRefs=1 (parseEpisode requires guid OR enclosureUrl; platformRefs-only episodes aren't supported yet)
06-02 08:10:41.509 D/PortcastImporter(  482):   ep[250] DROPPED: guid='' enclosureUrl='' has platformRefs=1 (parseEpisode requires guid OR enclosureUrl; platformRefs-only episodes aren't supported yet)
06-02 08:10:41.509 D/PortcastImporter(  482):   ep[251] DROPPED: guid='' enclosureUrl='' has platformRefs=1 (parseEpisode requires guid OR enclosureUrl; platformRefs-only episodes aren't supported yet)
06-02 08:10:41.509 D/PortcastImporter(  482):   ep[252] DROPPED: guid='' enclosureUrl='' has platformRefs=1 (parseEpisode requires guid OR enclosureUrl; platformRefs-only episodes aren't supported yet)
06-02 08:10:41.509 D/PortcastImporter(  482):   ep[253] DROPPED: guid='' enclosureUrl='' has platformRefs=1 (parseEpisode requires guid OR enclosureUrl; platformRefs-only episodes aren't supported yet)
06-02 08:10:41.509 D/PortcastImporter(  482):   ep[254] DROPPED: guid='' enclosureUrl='' has platformRefs=1 (parseEpisode requires guid OR enclosureUrl; platformRefs-only episodes aren't supported yet)
06-02 08:10:41.509 D/PortcastImporter(  482):   ep[255] DROPPED: guid='' enclosureUrl='' has platformRefs=1 (parseEpisode requires guid OR enclosureUrl; platformRefs-only episodes aren't supported yet)
06-02 08:10:41.509 D/PortcastImporter(  482):   ep[256] DROPPED: guid='' enclosureUrl='' has platformRefs=1 (parseEpisode requires guid OR enclosureUrl; platformRefs-only episodes aren't supported yet)
06-02 08:10:41.509 D/PortcastImporter(  482):   ep[257] DROPPED: guid='' enclosureUrl='' has platformRefs=1 (parseEpisode requires guid OR enclosureUrl; platformRefs-only episodes aren't supported yet)
06-02 08:10:41.509 D/PortcastImporter(  482):   ep[258] DROPPED: guid='' enclosureUrl='' has platformRefs=1 (parseEpisode requires guid OR enclosureUrl; platformRefs-only episodes aren't supported yet)
06-02 08:10:41.509 D/PortcastImporter(  482):   ep[259] DROPPED: guid='' enclosureUrl='' has platformRefs=1 (parseEpisode requires guid OR enclosureUrl; platformRefs-only episodes aren't supported yet)
06-02 08:10:41.509 D/PortcastImporter(  482):   ep[260] DROPPED: guid='' enclosureUrl='' has platformRefs=1 (parseEpisode requires guid OR enclosureUrl; platformRefs-only episodes aren't supported yet)
06-02 08:10:41.509 D/PortcastImporter(  482):   ep[261] DROPPED: guid='' enclosureUrl='' has platformRefs=1 (parseEpisode requires guid OR enclosureUrl; platformR06-02 08:10:41.509 D/PortcastImporter(  482):   ep[266] DROPPED: guid='' enclosureUrl='' has platformRefs=1 (parseEpisode requires guid OR enclosureUrl; platformRefs-only episodes aren't supported yet)
06-02 08:10:41.509 D/PortcastImporter(  482):   ep[267] DROPPED: guid='' enclosureUrl='' has platformRefs=1 (parseEpisode requires guid OR enclosureUrl; platformRefs-only episodes aren't supported yet)
06-02 08:10:41.509 D/PortcastImporter(  482):   ep[268] DROPPED: guid='' enclosureUrl='' has platformRefs=1 (parseEpisode requires guid OR enclosureUrl; platformRefs-only episodes aren't supported yet)
06-02 08:10:41.509 D/PortcastImporter(  482):   ep[269] DROPPED: guid='' enclosureUrl='' has platformRefs=1 (parseEpisode requires guid OR enclosureUrl; platformRefs-only episodes aren't supported yet)
06-02 08:10:41.509 D/PortcastImporter(  482):   ep[270] DROPPED: guid='' enclosureUrl='' has platformRefs=1 (parseEpisode requires guid OR enclosureUrl; platformRefs-only episodes aren't supported yet)
06-02 08:10:41.509 D/PortcastImporter(  482):   ep[271] DROPPED: guid='' enclosureUrl='' has platformRefs=1 (parseEpisode requires guid OR enclosureUrl; platformRefs-only episodes aren't supported yet)
06-02 08:10:41.509 D/PortcastImporter(  482):   ep[272] DROPPED: guid='' enclosureUrl='' has platformRefs=1 (parseEpisode requires guid OR enclosureUrl; platformRefs-only episodes aren't supported yet)
06-02 08:10:41.509 D/PortcastImporter(  482):   ep[273] DROPPED: guid='' enclosureUrl='' has platformRefs=1 (parseEpisode requires guid OR enclosureUrl; platformRefs-only episodes aren't supported yet)
06-02 08:10:41.509 D/PortcastImporter(  482):   ep[274] DROPPED: guid='' enclosureUrl='' has platformRefs=1 (parseEpisode requires guid OR enclosureUrl; platformRefs-only episodes aren't supported yet)
06-02 08:10:41.509 D/PortcastImporter(  482):   ep[275] DROPPED: guid='' enclosureUrl='' has platformRefs=1 (parseEpisode requires guid OR enclosureUrl; platformRefs-only episodes aren't supported yet)
06-02 08:10:41.509 D/PortcastImporter(  482):   ep[276] DROPPED: guid='' enclosureUrl='' has platformRefs=1 (parseEpisode requires guid OR enclosureUrl; platformRefs-only episodes aren't supported yet)
06-02 08:10:41.509 D/PortcastImporter(  482):   ep[277] DROPPED: guid='' enclosureUrl='' has platformRefs=1 (parseEpisode requires guid OR enclosureUrl; platformRefs-only episodes aren't supported yet)
06-02 08:10:41.509 D/PortcastImporter(  482):   ep[278] DROPPED: guid='' enclosureUrl='' has platformRefs=1 (parseEpisode requires guid OR enclosureUrl; platformRefs-only episodes aren't supported yet)
06-02 08:10:41.509 D/PortcastImporter(  406-02 08:10:41.509 D/PortcastImporter(  482):   ep[275] DROPPED: guid='' enclosureUrl='' has platformRefs=1 (parseEpisode requires guid OR enclosureUrl; platformRefs-only episodes aren't supported yet)
06-02 08:10:41.509 D/PortcastImporter(  482):   ep[276] DROPPED: guid='' enclosureUrl='' has platformRefs=1 (parseEpisode requires guid OR enclosureUrl; platformRefs-only episodes aren't supported yet)
06-02 08:10:41.509 D/PortcastImporter(  482):   ep[277] DROPPED: guid='' enclosureUrl='' has platformRefs=1 (parseEpisode requires guid OR enclosureUrl; platformRefs-only episodes aren't supported yet)
06-02 08:10:41.509 D/PortcastImporter(  482):   ep[278] DROPPED: guid='' enclosureUrl='' has platformRefs=1 (parseEpisode requires guid OR enclosureUrl; platformRefs-only episodes aren't supported yet)
06-02 08:10:41.509 D/PortcastImporter(  482):   ep[279] DROPPED: guid='' enclosureUrl='' has platformRefs=1 (parseEpisode requires guid OR enclosureUrl; platformRefs-only episodes aren't supported yet)
06-02 08:10:41.509 D/PortcastImporter(  482):   ep[280] DROPPED: guid='' enclosureUrl='' has platformRefs=1 (parseEpisode requires guid OR enclosureUrl; platformRefs-only episodes aren't supported yet)
06-02 08:10:41.509 D/PortcastImporter(  482):   ep[281] DROPPED: guid='' enclosureUrl='' has platformRefs=1 (parseEpisode requires guid OR enclosureUrl; platformRefs-only episodes aren't supported yet)
06-02 08:10:41.509 D/PortcastImporter(  482):   ep[282] DROPPED: guid='' enclosureUrl='' has platformRefs=1 (parseEpisode requires guid OR enclosureUrl; platformRefs-only episodes aren't supported yet)
06-02 08:10:41.509 D/PortcastImporter(  482):   ep[283] DROPPED: guid='' enclosureUrl='' has platformRefs=1 (parseEpisode requires guid OR enclosureUrl; platformRefs-only episodes aren't supported yet)
06-02 08:10:41.509 D/PortcastImporter(  482):   ep[284] DROPPED: guid='' enclosureUrl='' has platformRefs=1 (parseEpisode requires guid OR enclosureUrl; platformRefs-only episodes aren't supported yet)
06-02 08:10:41.509 D/PortcastImporter(  482):   ep[285] DROPPED: guid='' enclosureUrl='' has platformRefs=1 (parseEpisode requires guid OR enclosureUrl; platformRefs-only episodes aren't supported yet)
06-02 08:10:41.509 D/PortcastImporter(  482):   ep[286] DROPPED: guid='' enclosureUrl='' has platformRefs=1 (parseEpisode requires guid OR enclosureUrl; platformRefs-only episodes aren't supported yet)
06-02 08:10:41.509 D/PortcastImporter(  482):   ep[287] DROPPED: guid='' enclosureUrl='' has platformRefs=1 (parseEpisode requires guid OR enclosureUrl; platformRefs-only episodes aren't supported yet)
06-02 08:10:41.509 D/PortcastImporter(  482):   ep[288] DROPPED: guid='' enclosureUrl='' has platformRefs=1 (parseEpisode requires guid OR enclosureUrl; platformRefs-only episodes aren't supported yet)
06-02 08:10:41.509 D/PortcastImporter(  482):   ep[289] DROPPED: guid='' enclosureUrl='' has platformRefs=1 (parseEpisode requires guid OR enclosureUrl; platformRefs-only episodes aren't supported yet)
06-02 08:10:41.509 D/PortcastImporter(  482):   ep[290] DROPPED: guid='' enclosureUrl='' has platformRefs=1 (parseEpisode requires guid OR enclosureUrl; platformR06-02 08:10:41.509 D/PortcastImporter(  482):   ep[295] DROPPED: guid='' enclosureUrl='' has platformRefs=1 (parseEpisode requires guid OR enclosureUrl; platformRefs-only episodes aren't supported yet)
06-02 08:10:41.509 D/PortcastImporter(  482):   ep[296] DROPPED: guid='' enclosureUrl='' has platformRefs=1 (parseEpisode requires guid OR enclosureUrl; platformRefs-only episodes aren't supported yet)
06-02 08:10:41.509 D/PortcastImporter(  482):   ep[297] DROPPED: guid='' enclosureUrl='' has platformRefs=1 (parseEpisode requires guid OR enclosureUrl; platformRefs-only episodes aren't supported yet)
06-02 08:10:41.509 D/PortcastImporter(  482):   ep[298] DROPPED: guid='' enclosureUrl='' has platformRefs=1 (parseEpisode requires guid OR enclosureUrl; platformRefs-only episodes aren't supported yet)
06-02 08:10:41.509 D/PortcastImporter(  482):   ep[299] DROPPED: guid='' enclosureUrl='' has platformRefs=1 (parseEpisode requires guid OR enclosureUrl; platformRefs-only episodes aren't supported yet)
06-02 08:10:41.509 D/PortcastImporter(  482):   ep[300] DROPPED: guid='' enclosureUrl='' has platformRefs=1 (parseEpisode requires guid OR enclosureUrl; platformRefs-only episodes aren't supported yet)
06-02 08:10:41.509 D/PortcastImporter(  482):   ep[301] DROPPED: guid='' enclosureUrl='' has platformRefs=1 (parseEpisode requires guid OR enclosureUrl; platformRefs-only episodes aren't supported yet)
06-02 08:10:41.509 D/PortcastImporter(  482):   ep[302] DROPPED: guid='' enclosureUrl='' has platformRefs=1 (parseEpisode requires guid OR enclosureUrl; platformRefs-only episodes aren't supported yet)
06-02 08:10:41.509 D/PortcastImporter(  482):   ep[303] DROPPED: guid='' enclosureUrl='' has platformRefs=1 (parseEpisode requires guid OR enclosureUrl; platformRefs-only episodes aren't supported yet)
06-02 08:10:41.509 D/PortcastImporter(  482):   ep[304] DROPPED: guid='' enclosureUrl='' has platformRefs=1 (parseEpisode requires guid OR enclosureUrl; platformRefs-only episodes aren't supported yet)
06-02 08:10:41.509 D/PortcastImporter(  482):   ep[305] DROPPED: guid='' enclosureUrl='' has platformRefs=1 (parseEpisode requires guid OR enclosureUrl; platformRefs-only episodes aren't supported yet)
06-02 08:10:41.509 D/PortcastImporter(  482):   ep[306] DROPPED: guid='' enclosureUrl='' has platformRefs=1 (parseEpisode requires guid OR enclosureUrl; platformRefs-only episodes aren't supported yet)
06-02 08:10:41.509 D/PortcastImporter(  482):   ep[307] DROPPED: guid='' enclosureUrl='' has platformRefs=1 (parseEpisode requires guid OR enclosureUrl; platformRefs-only episodes aren't supported yet)
06-02 08:10:41.509 D/PortcastImporter(  482):   ep[308] DROPPED: guid='' enclosureUrl='' has platformRefs=1 (parseEpisode requires guid OR enclosureUrl; platformRefs-only episodes aren't supported yet)
06-02 08:10:41.509 D/PortcastImporter(  482):   ep[309] DROPPED: guid='' enclosureUrl='' has platformRefs=1 (parseEpisode requires guid OR enclosureUrl; platformRefs-only episodes aren't supported yet)
06-02 08:10:41.509 D/PortcastImporter(  482):   ep[310] DROPPED: guid='' enclosureUrl='' has platformRefs=1 (parseEpisode requires guid OR enclosureUrl; platformRefs-only episodes aren't supported yet)
06-02 08:10:41.509 D/PortcastImporter(  482):   ep[311] DROPPED: guid='' enclosureUrl='' has platformRefs=1 (parseEpisode requires guid OR enclosureUrl; platformRefs-only episodes aren't supported yet)
06-02 08:10:41.509 D/PortcastImporter(  482):   ep[312] DROPPED: guid='' enclosureUrl='' has platformRefs=1 (parseEpisode requires guid OR enclosureUrl; platformRefs-only episodes aren't supported yet)
06-02 08:10:41.509 D/PortcastImporter(  482):   ep[313] DROPPED: guid='' enclosureUrl='' has platformRefs=1 (parseEpisode requires guid OR enclosureUrl; platformRefs-only episodes aren't supported yet)
06-02 08:10:41.509 D/PortcastImporter(  482):   ep[314] DROPPED: guid='' enclosureUrl='' has platformRefs=1 (parseEpisode requires guid OR enclosureUrl; platformRefs-only episodes aren't supported yet)
06-02 08:10:41.509 D/PortcastImporter(  482):   ep[315] DROPPED: guid='' enclosureUrl='' has platformRefs=1 (parseEpisode requires guid OR enclosureUrl; platformRefs-only episodes aren't supported yet)
06-02 08:10:41.509 D/PortcastImporter(  482):   ep[316] DROPPED: guid='' enclosureUrl='' has platformRefs=1 (parseEpisode requires guid OR enclosureUrl; platformRefs-only episodes aren't supported yet)
06-02 08:10:41.509 D/PortcastImporter(  482):   ep[317] DROPPED: guid='' enclosureUrl='' has platformRefs=1 (parseEpisode requires guid OR enclosureUrl; platformRefs-only episodes aren't supported yet)
06-02 08:10:41.509 D/PortcastImporter(  482):   ep[318] DROPPED: guid='' enclosureUrl='' has platformRefs=1 (parseEpisode requires guid OR enclosureUrl; platformRefs-only episodes aren't supported yet)
06-02 08:10:41.509 D/PortcastImporter(  482):   ep[319] DROPPED: guid='' enclosureUrl='' has platformRefs=1 (parseEpisode requires guid OR enclosureUrl; platformRefs-only episodes aren't supported yet)
06-02 08:10:41.509 D/PortcastImporter(  482):   ep[320] DROPPED: guid='' enclosureUrl='' has platformRefs=1 (parseEpisode requires guid OR enclosureUrl; platformRefs-only episodes aren't supported yet)
06-02 08:10:41.509 D/PortcastImporter(  482):   ep[321] DROPPED: guid='' enclosureUrl='' has platformRefs=1 (parseEpisode requires guid OR enclosureUrl; platformRefs-only episodes aren't supported yet)
06-02 08:10:41.509 D/PortcastImporter(  482):   ep[329] DROPPED: guid='' enclosureUrl='' has platformRefs=1 (parseEpisode requires guid OR enclosureUrl; platformRefs-only episodes aren't supported yet)
06-02 08:10:41.510 D/PortcastImporter(  482):   ep[344] DROPPED: guid='' enclosureUrl='' has platformRefs=1 (parseEpisode requires guid OR enclosureUrl; platformRefs-only episodes aren't supported yet)
06-02 08:10:41.510 D/PortcastImporter(  482):   ep[345] DROPPED: guid='' enclosureUrl='' has platformRefs=1 (parseEpisode requires guid OR enclosureUrl; platformRefs-only episodes aren't supported yet)
06-02 08:10:41.510 D/PortcastImporter(  482):   ep[346] DROPPED: guid='' enclosureUrl='' has platformRefs=1 (parseEpisode requires guid OR enclosureUrl; platformRefs-only episodes aren't supported yet)
06-02 08:10:41.510 D/PortcastImporter(  482):   ep[349] DROPPED: guid='' enclosureUrl='' has platformRefs=1 (parseEpisode requires guid OR enclosureUrl; platformRefs-only episodes aren't supported yet)
06-02 08:10:41.510 D/PortcastImporter(  482):   ep[350] DROPPED: guid='' enclosureUrl='' has platformRefs=1 (parseEpisode requires guid OR enclosureUrl; platformRefs-only episodes aren't supported yet)
06-02 08:10:41.510 D/PortcastImporter(  482):   ep[351] DROPPED: guid='' enclosureUrl='' has platformRefs=1 (parseEpisode requires guid OR enclosureUrl; platformRefs-only episodes aren't supported yet)
06-02 08:10:41.510 D/PortcastImporter(  482):   ep[352] DROPPED: guid='' enclosureUrl='' has platformRefs=1 (parseEpisode requires guid OR enclosureUrl; platformRefs-only episodes aren't supported yet)
06-02 08:10:41.510 D/PortcastImporter(  482):   ep[355] DROPPED: guid='' enclosureUrl='' has platformRefs=1 (parseEpisode requires guid OR enclosureUrl; platformRefs-only episodes aren't supported yet)
06-02 08:10:41.510 D/PortcastImporter(  482):   ep[356] DROPPED: guid='' enclosureUrl='' has platformRefs=1 (parseEpisode requires guid OR enclosureUrl; platformRefs-only episodes aren't supported yet)
06-02 08:10:41.510 D/PortcastImporter(  482):   ep[357] DROPPED: guid='' enclosureUrl='' has platformRefs=1 (parseEpisode requires guid OR enclosureUrl; platformRefs-only episodes aren't supported yet)
06-02 08:10:41.510 D/PortcastImporter(  482):   ep[358] DROPPED: guid='' enclosureUrl='' has platformRefs=1 (parseEpisode requires guid OR enclosureUrl; platformRefs-only episodes aren't supported yet)
06-02 08:10:41.510 D/PortcastImporter(  482):   ep[359] DROPPED: guid='' enclosureUrl='' has platformRefs=1 (parseEpisode requires guid OR enclosureUrl; platformRefs-only episodes aren't supported yet)
06-02 08:10:41.510 D/PortcastImporter(  482):   ep[360] DROPPED: guid='' enclosureUrl='' has platformRefs=1 (parseEpisode requires guid OR enclosureUrl; platformRefs-only episodes aren't supported yet)
06-02 08:10:41.510 D/PortcastImporter(  482):   ep[361] DROPPED: guid='' enclosureUrl='' has platformRefs=1 (parseEpisode requires guid OR enclosureUrl; platformRefs-only episodes aren't supported yet)
06-02 08:10:41.510 D/PortcastImporter(  482):   ep[362] DROPPED: guid='' enclosureUrl='' has platformRefs=1 (parseEpisode requires guid OR enclosureUrl; platformRefs-only episodes aren't supported yet)
06-02 08:10:41.510 D/PortcastImporter(  482):   ep[363] DROPPED: guid='' enclosureUrl='' has platformRefs=1 (parseEpisode requires guid OR enclosureUrl; platformRefs-only episodes aren't supported yet)
06-02 08:10:41.510 D/PortcastImporter(  482):   ep[364] DROPPED: guid='' enclosureUrl='' has platformRefs=1 (parseEpisode requires guid OR enclosureUrl; platformRefs-only episodes aren't supported yet)
06-02 08:10:41.510 D/PortcastImporter(  482):   ep[365] DROPPED: guid='' enclosureUrl='' has platformRefs=1 (parseEpisode requires guid OR enclosureUrl; platformRefs-only episodes aren't supported yet)
06-02 08:10:41.510 D/PortcastImporter(  482):   ep[366] DROPPED: guid='' enclosureUrl='' has platformRefs=1 (parseEpisode requires guid OR enclosureUrl; platformRefs-only episodes aren't supported yet)
06-02 08:10:41.510 D/PortcastImporter(  482):   ep[367] DROPPED: guid='' enclosureUrl='' has platformRefs=1 (parseEpisode requires guid OR enclosureUrl; platformRefs-only episodes aren't supported yet)
06-02 08:10:41.510 D/PortcastImporter(  482):   ep[368] DROPPED: guid='' enclosureUrl='' has platformRefs=1 (parseEpisode requires guid OR enclosureUrl; platformRefs-only episodes aren't supported yet)
06-02 08:10:41.510 D/PortcastImporter(  482):   ep[372] DROPPED: guid='' enclosureUrl='' has platformRefs=1 (parseEpisode requires guid OR enclosureUrl; platformRefs-only episodes aren't supported yet)
06-02 08:10:41.510 D/PortcastImporter(  482):   ep[373] DROPPED: guid='' enclosureUrl='' has platformRefs=1 (parseEpisode requires guid OR enclosureUrl; platformRefs-only episodes aren't supported yet)
06-02 08:10:41.510 D/PortcastImporter(  482):   ep[374] DROPPED: guid='' enclosureUrl='' has platformRefs=1 (parseEpisode requires guid OR enclosureUrl; platformRefs-only episodes aren't supported yet)
06-02 08:10:41.510 D/PortcastImporter(  482):   ep[375] DROPPED: guid='' enclosureUrl='' has platformRefs=1 (parseEpisode requires guid OR enclosureUrl; platformRefs-only episodes aren't supported yet)
06-02 08:10:41.510 D/PortcastImporter(  482):   ep[376] DROPPED: guid='' enclosureUrl='' has platformRefs=1 (parseEpisode requires guid OR enclosureUrl; platformRefs-only episodes aren't supported yet)
06-02 08:10:41.510 D/PortcastImporter(  482):   ep[377] DROPPED: guid='' enclosureUrl='' has platformRefs=1 (parseEpisode requires guid OR enclosureUrl; platformRefs-only episodes aren't supported yet)
06-02 08:10:41.510 D/PortcastImporter(  482):   ep[378] DROPPED: guid='' enclosureUrl='' has platformRefs=1 (parseEpisode requires guid OR enclosureUrl; platformRefs-only episodes aren't supported yet)
06-02 08:10:41.510 D/PortcastImporter(  482):   ep[379] DROPPED: guid='' enclosureUrl='' has platformRefs=1 (parseEpisode requires guid OR enclosureUrl; platformRefs-only episodes aren't supported yet)
06-02 08:10:41.510 D/PortcastImporter(  482):   ep[380] DROPPED: guid='' enclosureUrl='' has platformRefs=1 (parseEpisode requires guid OR enclosureUrl; platformRefs-only episodes aren't supported yet)
06-02 08:10:41.510 D/PortcastImporter(  482):   ep[381] DROPPED: guid='' enclosureUrl='' has platformRefs=1 (parseEpisode requires guid OR enclosureUrl; platformRefs-only episodes aren't supported yet)
06-02 08:10:41.510 D/PortcastImporter(  482):   ep[382] DROPPED: guid='' enclosureUrl='' has platformRefs=1 (parseEpisode requires guid OR enclosureUrl; platformRefs-only episodes aren't supported yet)
06-02 08:10:41.510 D/PortcastImporter(  482):   ep[383] DROPPED: guid='' enclosureUrl='' has platformRefs=1 (parseEpisode requires guid OR enclosureUrl; platformRefs-only episodes aren't supported yet)
06-02 08:10:41.510 D/PortcastImporter(  482):   ep[385] DROPPED: guid='' enclosureUrl='' has platformRefs=1 (parseEpisode requires guid OR enclosureUrl; platformRefs-only episodes aren't supported yet)
06-02 08:10:41.510 D/PortcastImporter(  482):   ep[386] DROPPED: guid='' enclosureUrl='' has platformRefs=1 (parseEpisode requires guid OR enclosureUrl; platformRefs-only episodes aren't supported yet)
06-02 08:10:41.510 D/PortcastImporter(  482):   ep[387] DROPPED: guid='' enclosureUrl='' has platformRefs=1 (parseEpisode requires guid OR enclosureUrl; platformRefs-only episodes aren't supported yet)
06-02 08:10:41.510 D/PortcastImporter(  482):   ep[388] DROPPED: guid='' enclosureUrl='' has platformRefs=1 (parseEpisode requires guid OR enclosureUrl; platformRefs-only episodes aren't supported yet)
06-02 08:10:41.510 D/PortcastImporter(  482):   ep[391] DROPPED: guid='' enclosureUrl='' has platformRefs=1 (parseEpisode requires guid OR enclosureUrl; platformRefs-only episodes aren't supported yet)
06-02 08:10:41.510 D/PortcastImporter(  482):   ep[392] DROPPED: guid='' enclosureUrl='' has platformRefs=1 (parseEpisode requires guid OR enclosureUrl; platformRefs-only episodes aren't supported yet)
06-02 08:10:41.510 D/PortcastImporter(  482):   ep[393] DROPPED: guid='' enclosureUrl='' has platformRefs=1 (parseEpisode requires guid OR enclosureUrl; platformRefs-only episodes aren't supported yet)
06-02 08:10:41.510 D/PortcastImporter(  482):   ep[394] DROPPED: guid='' enclosureUrl='' has platformRefs=1 (parseEpisode requires guid OR enclosureUrl; platformRefs-only episodes aren't supported yet)
06-02 08:10:41.511 D/PortcastImporter(  482):   ep[478] DROPPED: guid='' enclosureUrl='' has platformRefs=1 (parseEpisode requires guid OR enclosureUrl; platformRefs-only episodes aren't supported yet)
06-02 08:10:41.511 D/PortcastImporter(  482):   ep[482] DROPPED: guid='' enclosureUrl='' has platformRefs=1 (parseEpisode requires guid OR enclosureUrl; platformRefs-only episodes aren't supported yet)
06-02 08:10:41.511 D/PortcastImporter(  482):   ep[483] DROPPED: guid='' enclosureUrl='' has platformRefs=1 (parseEpisode requires guid OR enclosureUrl; platformRefs-only episodes aren't supported yet)
06-02 08:10:41.511 D/PortcastImporter(  482):   ep[484] DROPPED: guid='' enclosureUrl='' has platformRefs=1 (parseEpisode requires guid OR enclosureUrl; platformRefs-only episodes aren't supported yet)
06-02 08:10:41.511 D/PortcastImporter(  482):   ep[485] DROPPED: guid='' enclosureUrl='' has platformRefs=1 (parseEpisode requires guid OR enclosureUrl; platformRefs-only episodes aren't supported yet)
06-02 08:10:41.511 D/PortcastImporter(  482):   ep[486] DROPPED: guid='' enclosureUrl='' has platformRefs=1 (parseEpisode requires guid OR enclosureUrl; platformRefs-only episodes aren't supported yet)
06-02 08:10:41.511 D/PortcastImporter(  482):   ep[487] DROPPED: guid='' enclosureUrl='' has platformRefs=1 (parseEpisode requires guid OR enclosureUrl; platformRefs-only episodes aren't supported yet)
06-02 08:10:41.511 D/PortcastImporter(  482):   ep[488] DROPPED: guid='' enclosureUrl='' has platformRefs=1 (parseEpisode requires guid OR enclosureUrl; platformRefs-only episodes aren't supported yet)
06-02 08:10:41.511 D/PortcastImporter(  482):   ep[489] DROPPED: guid='' enclosureUrl='' has platformRefs=1 (parseEpisode requires guid OR enclosureUrl; platformRefs-only episodes aren't supported yet)
06-02 08:10:41.511 D/PortcastImporter(  482):   ep[490] DROPPED: guid='' enclosureUrl='' has platformRefs=1 (parseEpisode requires guid OR enclosureUrl; platformRefs-only episodes aren't supported yet)
06-02 08:10:41.511 D/PortcastImporter(  482):   ep[491] DROPPED: guid='' enclosureUrl='' has platformRefs=1 (parseEpisode requires guid OR enclosureUrl; platformRefs-only episodes aren't supported yet)
06-02 08:10:41.511 D/PortcastImporter(  482):   ep[492] DROPPED: guid='' enclosureUrl='' has platformRefs=1 (parseEpisode requires guid OR enclosureUrl; platformRefs-only episodes aren't supported yet)
06-02 08:10:41.511 D/PortcastImporter(  482):   ep[493] DROPPED: guid='' enclosureUrl='' has platformRefs=1 (parseEpisode requires guid OR enclosureUrl; platformRefs-only episodes aren't supported yet)
06-02 08:10:41.511 D/PortcastImporter(  482):   ep[494] DROPPED: guid='' enclosureUrl='' has platformRefs=1 (parseEpisode requires guid OR enclosureUrl; platformRefs-only episodes aren't supported yet)
06-02 08:10:41.511 D/PortcastImporter(  482):   ep[497] DROPPED: guid='' enclosureUrl='' has platformRefs=1 (parseEpisode requires guid OR enclosureUrl; platformRefs-only episodes aren't supported yet)
06-02 08:10:41.511 D/PortcastImporter(  482):   ep[499] DROPPED: guid='' enclosureUrl='' has platformRefs=1 (parseEpisode requires guid OR enclosureUrl; platformRefs-only episodes aren't supported yet)
06-02 08:10:41.511 D/PortcastImporter(  482):   ep[500] DROPPED: guid='' enclosureUrl='' has platformRefs=1 (parseEpisode requires guid OR enclosureUrl; platformRefs-only episodes aren't supported yet)
06-02 08:10:41.511 D/PortcastImporter(  482):   ep[501] DROPPED: guid='' enclosureUrl='' has platformRefs=1 (parseEpisode requires guid OR enclosureUrl; platformRefs-only episodes aren't supported yet)
06-02 08:10:41.511 D/PortcastImporter(  482):   ep[502] DROPPED: guid='' enclosureUrl='' has platformRefs=1 (parseEpisode requires guid OR enclosureUrl; platformRefs-only episodes aren't supported yet)
06-02 08:10:41.511 D/PortcastImporter(  482):   ep[503] DROPPED: guid='' enclosureUrl='' has platformRefs=1 (parseEpisode requires guid OR enclosureUrl; platformRefs-only episodes aren't supported yet)
06-02 08:10:41.511 D/PortcastImporter(  482):   ep[504] DROPPED: guid='' enclosureUrl='' has platformRefs=1 (parseEpisode requires guid OR enclosureUrl; platformRefs-only episodes aren't supported yet)
06-02 08:10:41.511 D/PortcastImporter(  482):   ep[505] DROPPED: guid='' enclosureUrl='' has platformRefs=1 (parseEpisode requires guid OR enclosureUrl; platformRefs-only episodes aren't supported yet)
06-02 08:10:41.511 D/PortcastImporter(  482):   ep[506] DROPPED: guid='' enclosureUrl='' has platformRefs=1 (parseEpisode requires guid OR enclosureUrl; platformRefs-only episodes aren't supported yet)
06-02 08:10:41.511 D/PortcastImporter(  482):   ep[507] DROPPED: guid='' enclosureUrl='' has platformRefs=1 (parseEpisode requires guid OR enclosureUrl; platformRefs-only episodes aren't supported yet)
06-02 08:10:41.511 D/PortcastImporter(  482):   ep[508] DROPPED: guid='' enclosureUrl='' has platformRefs=1 (parseEpisode requires guid OR enclosureUrl; platformRefs-only episodes aren't supported yet)
06-02 08:10:41.511 D/PortcastImporter(  482):   ep[509] DROPPED: guid='' enclosureUrl='' has platformRefs=1 (parseEpisode requires guid OR enclosureUrl; platformRefs-only episodes aren't supported yet)
06-02 08:10:41.511 D/PortcastImporter(  482):   ep[510] DROPPED: guid='' enclosureUrl='' has platformRefs=1 (parseEpisode requires guid OR enclosureUrl; platformRefs-only episodes aren't supported yet)
06-02 08:10:41.511 D/PortcastImporter(  482):   ep[511] DROPPED: guid='' enclosureUrl='' has platformRefs=1 (parseEpisode requires guid OR enclosureUrl; platformRefs-only episodes aren't supported yet)
06-02 08:10:41.511 D/PortcastImporter(  482):   ep[512] DROPPED: guid='' enclosureUrl='' has platformRefs=1 (parseEpisode requires guid OR enclosureUrl; platformRefs-only episodes aren't supported yet)
06-02 08:10:41.511 D/PortcastImporter(  482):   ep[513] DROPPED: guid='' enclosureUrl='' has platformRefs=1 (parseEpisode requires guid OR enclosureUrl; platformRefs-only episodes aren't supported yet)
06-02 08:10:41.512 D/PortcastImporter(  482):   ep[515] DROPPED: guid='' enclosureUrl='' has platformRefs=1 (parseEpisode requires guid OR enclosureUrl; platformRefs-only episodes aren't supported yet)
06-02 08:10:41.512 D/PortcastImporter(  482):   ep[516] DROPPED: guid='' enclosureUrl='' has platformRefs=1 (parseEpisode requires guid OR enclosureUrl; platformRefs-only episodes aren't supported yet)
06-02 08:10:41.512 D/PortcastImporter(  482):   ep[519] DROPPED: guid='' enclosureUrl='' has platformRefs=1 (parseEpisode requires guid OR enclosureUrl; platformRefs-only episodes aren't supported yet)
06-02 08:10:41.512 D/PortcastImporter(  482):   ep[520] DROPPED: guid='' enclosureUrl='' has platformRefs=1 (parseEpisode requires guid OR enclosureUrl; platformRefs-only episodes aren't supported yet)
06-02 08:10:41.512 D/PortcastImporter(  482):   ep[521] DROPPED: guid='' enclosureUrl='' has platformRefs=1 (parseEpisode requires guid OR enclosureUrl; platformRefs-only episodes aren't supported yet)
06-02 08:10:41.512 D/PortcastImporter(  482):   ep[522] DROPPED: guid='' enclosureUrl='' has platformRefs=1 (parseEpisode requires guid OR enclosureUrl; platformRefs-only episodes aren't supported yet)
06-02 08:10:41.512 D/PortcastImporter(  482):   ep[523] DROPPED: guid='' enclosureUrl='' has platformRefs=1 (parseEpisode requires guid OR enclosureUrl; platformRefs-only episodes aren't supported yet)
06-02 08:10:41.512 D/PortcastImporter(  482):   ep[526] DROPPED: guid='' enclosureUrl='' has platformRefs=1 (parseEpisode requires guid OR enclosureUrl; platformRefs-only episodes aren't supported yet)
06-02 08:10:41.512 D/PortcastImporter(  482):   ep[527] DROPPED: guid='' enclosureUrl='' has platformRefs=1 (parseEpisode requires guid OR enclosureUrl; platformRefs-only episodes aren't supported yet)
06-02 08:10:41.512 D/PortcastImporter(  482):   ep[528] DROPPED: guid='' enclosureUrl='' has platformRefs=1 (parseEpisode requires guid OR enclosureUrl; platformRefs-only episodes aren't supported yet)
06-02 08:10:41.512 D/PortcastImporter(  482):   ep[529] DROPPED: guid='' enclosureUrl='' has platformRefs=1 (parseEpisode requires guid OR enclosureUrl; platformRefs-only episodes aren't supported yet)
06-02 08:10:41.512 D/PortcastImporter(  482):   ep[530] DROPPED: guid='' enclosureUrl='' has platformRefs=1 (parseEpisode requires guid OR enclosureUrl; platformRefs-only episodes aren't supported yet)
06-02 08:10:41.512 D/PortcastImporter(  482):   ep[531] DROPPED: guid='' enclosureUrl='' has platformRefs=1 (parseEpisode requires guid OR enclosureUrl; platformRefs-only episodes aren't supported yet)
06-02 08:10:41.512 D/PortcastImporter(  482):   ep[532] DROPPED: guid='' enclosureUrl='' has platformRefs=1 (parseEpisode requires guid OR enclosureUrl; platformRefs-only episodes aren't supported yet)
06-02 08:10:41.512 D/PortcastImporter(  482):   ep[533] DROPPED: guid='' enclosureUrl='' has platformRefs=1 (parseEpisode requires guid OR enclosureUrl; platformRefs-only episodes aren't supported yet)
06-02 08:10:41.512 D/PortcastImporter(  482):   ep[534] DROPPED: guid='' enclosureUrl='' has platformRefs=1 (parseEpisode requires guid OR enclosureUrl; platformRefs-only episodes aren't supported yet)
06-02 08:10:41.512 D/PortcastImporter(  482):   ep[535] DROPPED: guid='' enclosureUrl='' has platformRefs=1 (parseEpisode requires guid OR enclosureUrl; platformRefs-only episodes aren't supported yet)
06-02 08:10:41.512 D/PortcastImporter(  482):   ep[536] DROPPED: guid='' enclosureUrl='' has platformRefs=1 (parseEpisode requires guid OR enclosureUrl; platformRefs-only episodes aren't supported yet)
06-02 08:10:41.512 D/PortcastImporter(  482):   ep[537] DROPPED: guid='' enclosureUrl='' has platformRefs=1 (parseEpisode requires guid OR enclosureUrl; platformRefs-only episodes aren't supported yet)
06-02 08:10:41.512 D/PortcastImporter(  482):   ep[538] DROPPED: guid='' enclosureUrl='' has platformRefs=1 (parseEpisode requires guid OR enclosureUrl; platformRefs-only episodes aren't supported yet)
06-02 08:10:41.512 D/PortcastImporter(  482):   ep[542] DROPPED: guid='' enclosureUrl='' has platformRefs=1 (parseEpisode requires guid OR enclosureUrl; platformRefs-only episodes aren't supported yet)
06-02 08:10:41.624 D/PortcastSubscribeWorker(  482): Subscribing 2 feeds in the background
536] DROPPED: guid='' enclosureUrl='' has platformRefs=1 (parseEpisode requires guid OR enclosureUrl; platformRefs-only episodes aren't supported yet)
06-02 08:10:41.512 D/PortcastImporter(  482):   ep[537] DROPPED: guid='' enclosureUrl='' has platformRefs=1 (parseEpisode requires guid OR enclosureUrl; platformRefs-only episodes aren't supported yet)
06-02 08:10:41.512 D/PortcastImporter(  482):   ep[538] DROPPED: guid='' enclosureUrl='' has platformRefs=1 (parseEpisode requires guid OR enclosureUrl; platformRefs-only episodes aren't supported yet)
06-02 08:10:41.512 D/PortcastImporter(  482):   ep[542] DROPPED: guid='' enclosureUrl='' has platformRefs=1 (parseEpisode requires guid OR enclosureUrl; platformRefs-only episodes aren't supported yet)
06-02 08:10:41.624 D/PortcastSubscribeWorker(  482): Subscribing 2 feeds in the background
